
                            < M A T L A B (R) >
                  Copyright 1984-2017 The MathWorks, Inc.
                   R2017a (9.2.0.556344) 64-bit (glnxa64)
                               March 27, 2017

 
To get started, type one of these: helpwin, helpdesk, or demo.
For product information, visit www.mathworks.com.
 
it = 002  ;  S_m distances = [ 132.66% ]  ;  Loss = 132.66%
Learning rate = 0.11
Elapsed time is 0.521241 seconds.

------------------------------------------------------------------------
             Bus error detected at Fri Dec  1 13:14:41 2017
------------------------------------------------------------------------

Configuration:
  Crash Decoding      : Disabled - No sandbox or build area path
  Crash Mode          : continue (default)
  Current Graphics Driver: Unknown software 
  Current Visual      : None
  Default Encoding    : UTF-8
  Deployed            : false
  GNU C Library       : 2.17 stable
  Host Name           : c40-15
  MATLAB Architecture : glnxa64
  MATLAB Entitlement ID: 1144772
  MATLAB Root         : /share/apps/matlab/2017a
  MATLAB Version      : 9.2.0.556344 (R2017a)
  OpenGL              : software
  Operating System    : Linux 3.10.0-514.10.2.el7.x86_64 #1 SMP Fri Mar 3 00:04:05 UTC 2017 x86_64
  Processor ID        : x86 Family 6 Model 62 Stepping 4, GenuineIntel
  Virtual Machine     : Java 1.7.0_60-b19 with Oracle Corporation Java HotSpot(TM) 64-Bit Server VM mixed mode
  Window System       : No active display

Fault Count: 1


Abnormal termination:
Bus error

Register State (from fault):
  RAX = 0000000000000000  RBX = 00002b3b7cda24f0
  RCX = 0000000000000000  RDX = 0000000000000000
  RSP = 00002b3b7cda2440  RBP = 00002b3b7cda2580
  RSI = 0000000000000000  RDI = 00000000000002a6

   R8 = 00000000000002a6   R9 = 0000000000000000
  R10 = 0000000000000003  R11 = 0000000000000246
  R12 = 00002b3b4ff23000  R13 = 0000000000000000
  R14 = 00000000000002a6  R15 = 00002b3b8c0340b0

  RIP = 00002b3b07c1469b  EFL = 0000000000010246

   CS = 0033   FS = 0000   GS = 0000

Stack Trace (from fault):
[  0] 0x00002b3b07c1469b                          /lib64/libfontconfig.so.1+00034459
[  1] 0x00002b3b07c14a49                          /lib64/libfontconfig.so.1+00035401
[  2] 0x00002b3b07c14184                          /lib64/libfontconfig.so.1+00033156
[  3] 0x00002b3b07c14b97                          /lib64/libfontconfig.so.1+00035735 FcDirCacheLoad+00000055
[  4] 0x00002b3b07c1cc32                          /lib64/libfontconfig.so.1+00068658 FcDirCacheRead+00000050
[  5] 0x00002b3b07c187db                          /lib64/libfontconfig.so.1+00051163
[  6] 0x00002b3b07c1888b                          /lib64/libfontconfig.so.1+00051339 FcConfigBuildFonts+00000059
[  7] 0x00002b3b07c22266                          /lib64/libfontconfig.so.1+00090726
[  8] 0x00002b3b07c16157                          /lib64/libfontconfig.so.1+00041303
[  9] 0x00002b3b07c16459                          /lib64/libfontconfig.so.1+00042073 FcConfigGetCacheDirs+00000025
[ 10] 0x00002b3b6c7f6a1b /share/apps/matlab/2017a/sys/java/jre/glnxa64/jre/lib/amd64/headless/libmawt.so+00010779 Java_sun_font_FontConfigManager_getFontConfig+00001403
[ 11] 0x00002b3b0e7f4d98                                   <unknown-module>+00000000
[ 12] 0x00002b3b0e7e8058                                   <unknown-module>+00000000
[ 13] 0x00002b3b0e7e8058                                   <unknown-module>+00000000
[ 14] 0x00002b3b0e7e8233                                   <unknown-module>+00000000
[ 15] 0x00002b3b0e7e8350                                   <unknown-module>+00000000
[ 16] 0x00002b3b0e7e8058                                   <unknown-module>+00000000
[ 17] 0x00002b3b0e7e8233                                   <unknown-module>+00000000
[ 18] 0x00002b3b0e7e24e7                                   <unknown-module>+00000000
[ 19] 0x00002b3b046008f5 /share/apps/matlab/2017a/sys/java/jre/glnxa64/jre/lib/amd64/server/libjvm.so+06289653
[ 20] 0x00002b3b045ff358 /share/apps/matlab/2017a/sys/java/jre/glnxa64/jre/lib/amd64/server/libjvm.so+06284120
[ 21] 0x00002b3b04685c74 /share/apps/matlab/2017a/sys/java/jre/glnxa64/jre/lib/amd64/server/libjvm.so+06835316 JVM_DoPrivileged+00000676
[ 22] 0x00002b3b0e7f4d98                                   <unknown-module>+00000000
[ 23] 0x00002b3b0e7e8233                                   <unknown-module>+00000000
[ 24] 0x00002b3b0e7e8058                                   <unknown-module>+00000000
[ 25] 0x00002b3b0e7e24e7                                   <unknown-module>+00000000
[ 26] 0x00002b3b046008f5 /share/apps/matlab/2017a/sys/java/jre/glnxa64/jre/lib/amd64/server/libjvm.so+06289653
[ 27] 0x00002b3b045ff358 /share/apps/matlab/2017a/sys/java/jre/glnxa64/jre/lib/amd64/server/libjvm.so+06284120
[ 28] 0x00002b3b04894b7f /share/apps/matlab/2017a/sys/java/jre/glnxa64/jre/lib/amd64/server/libjvm.so+08993663
[ 29] 0x00002b3b048957a4 /share/apps/matlab/2017a/sys/java/jre/glnxa64/jre/lib/amd64/server/libjvm.so+08996772
[ 30] 0x00002b3b0467c37a /share/apps/matlab/2017a/sys/java/jre/glnxa64/jre/lib/amd64/server/libjvm.so+06796154 JVM_NewInstanceFromConstructor+00000234
[ 31] 0x00002b3b0e7f4d98                                   <unknown-module>+00000000
[ 32] 0x00002b3b0e7e8233                                   <unknown-module>+00000000
[ 33] 0x00002b3b0e7e8233                                   <unknown-module>+00000000
[ 34] 0x00002b3b0e7e88e1                                   <unknown-module>+00000000
[ 35] 0x00002b3b0e7e8233                                   <unknown-module>+00000000
[ 36] 0x00002b3b0e7e8233                                   <unknown-module>+00000000
[ 37] 0x00002b3b0e7e24e7                                   <unknown-module>+00000000
[ 38] 0x00002b3b046008f5 /share/apps/matlab/2017a/sys/java/jre/glnxa64/jre/lib/amd64/server/libjvm.so+06289653
[ 39] 0x00002b3b045ff358 /share/apps/matlab/2017a/sys/java/jre/glnxa64/jre/lib/amd64/server/libjvm.so+06284120
[ 40] 0x00002b3b04685c74 /share/apps/matlab/2017a/sys/java/jre/glnxa64/jre/lib/amd64/server/libjvm.so+06835316 JVM_DoPrivileged+00000676
[ 41] 0x00002b3b0e7f4d98                                   <unknown-module>+00000000
[ 42] 0x00002b3b0e7e8233                                   <unknown-module>+00000000
[ 43] 0x00002b3b0e7e8233                                   <unknown-module>+00000000
[ 44] 0x00002b3b0e7e8233                                   <unknown-module>+00000000
[ 45] 0x00002b3b0e7e8233                                   <unknown-module>+00000000
[ 46] 0x00002b3b0e7e8233                                   <unknown-module>+00000000
[ 47] 0x00002b3b0e7e8233                                   <unknown-module>+00000000
[ 48] 0x00002b3b0e7e8233                                   <unknown-module>+00000000
[ 49] 0x00002b3b0e7e8233                                   <unknown-module>+00000000
[ 50] 0x00002b3b0e7e8233                                   <unknown-module>+00000000
[ 51] 0x00002b3b0e7e24e7                                   <unknown-module>+00000000
[ 52] 0x00002b3b046008f5 /share/apps/matlab/2017a/sys/java/jre/glnxa64/jre/lib/amd64/server/libjvm.so+06289653
[ 53] 0x00002b3b045ff358 /share/apps/matlab/2017a/sys/java/jre/glnxa64/jre/lib/amd64/server/libjvm.so+06284120
[ 54] 0x00002b3b045c37ca /share/apps/matlab/2017a/sys/java/jre/glnxa64/jre/lib/amd64/server/libjvm.so+06039498
[ 55] 0x00002b3b045c3a24 /share/apps/matlab/2017a/sys/java/jre/glnxa64/jre/lib/amd64/server/libjvm.so+06040100
[ 56] 0x00002b3b045c3e7a /share/apps/matlab/2017a/sys/java/jre/glnxa64/jre/lib/amd64/server/libjvm.so+06041210
[ 57] 0x00002b3b04745b0e /share/apps/matlab/2017a/sys/java/jre/glnxa64/jre/lib/amd64/server/libjvm.so+07621390
[ 58] 0x00002b3b04745c76 /share/apps/matlab/2017a/sys/java/jre/glnxa64/jre/lib/amd64/server/libjvm.so+07621750
[ 59] 0x00002b3b045f8d1f /share/apps/matlab/2017a/sys/java/jre/glnxa64/jre/lib/amd64/server/libjvm.so+06257951
[ 60] 0x00002b3b0e7ffe7a                                   <unknown-module>+00000000
[ 61] 0x00002b3b0e7e8233                                   <unknown-module>+00000000
[ 62] 0x00002b3b0e7e8233                                   <unknown-module>+00000000
[ 63] 0x00002b3b0e7e8058                                   <unknown-module>+00000000
[ 64] 0x00002b3b0e7e8706                                   <unknown-module>+00000000
[ 65] 0x00002b3b0e7e8706                                   <unknown-module>+00000000
[ 66] 0x00002b3b0e7e88e1                                   <unknown-module>+00000000
[ 67] 0x00002b3b0e7e8233                                   <unknown-module>+00000000
[ 68] 0x00002b3b0e7e8058                                   <unknown-module>+00000000
[ 69] 0x00002b3b0e7e8058                                   <unknown-module>+00000000
[ 70] 0x00002b3b0e7e88e1                                   <unknown-module>+00000000
[ 71] 0x00002b3b0e7e8058                                   <unknown-module>+00000000
[ 72] 0x00002b3b0e7e8706                                   <unknown-module>+00000000
[ 73] 0x00002b3b0e7e8706                                   <unknown-module>+00000000
[ 74] 0x00002b3b0e7e8058                                   <unknown-module>+00000000
[ 75] 0x00002b3b0e7e8058                                   <unknown-module>+00000000
[ 76] 0x00002b3b0e7e8233                                   <unknown-module>+00000000
[ 77] 0x00002b3b0e7e24e7                                   <unknown-module>+00000000
[ 78] 0x00002b3b046008f5 /share/apps/matlab/2017a/sys/java/jre/glnxa64/jre/lib/amd64/server/libjvm.so+06289653
[ 79] 0x00002b3b045ff358 /share/apps/matlab/2017a/sys/java/jre/glnxa64/jre/lib/amd64/server/libjvm.so+06284120
[ 80] 0x00002b3b04685c74 /share/apps/matlab/2017a/sys/java/jre/glnxa64/jre/lib/amd64/server/libjvm.so+06835316 JVM_DoPrivileged+00000676
[ 81] 0x00002b3b0e7f4d98                                   <unknown-module>+00000000
[ 82] 0x00002b3b0e7e8233                                   <unknown-module>+00000000
[ 83] 0x00002b3b0e7e88e1                                   <unknown-module>+00000000
[ 84] 0x00002b3b0e7e8058                                   <unknown-module>+00000000
[ 85] 0x00002b3b0e7e8058                                   <unknown-module>+00000000
[ 86] 0x00002b3b0e7e8058                                   <unknown-module>+00000000
[ 87] 0x00002b3b0e7e8058                                   <unknown-module>+00000000
[ 88] 0x00002b3b0e7e8058                                   <unknown-module>+00000000
[ 89] 0x00002b3b0e7e8058                                   <unknown-module>+00000000
[ 90] 0x00002b3b0e7e24e7                                   <unknown-module>+00000000
[ 91] 0x00002b3b046008f5 /share/apps/matlab/2017a/sys/java/jre/glnxa64/jre/lib/amd64/server/libjvm.so+06289653
[ 92] 0x00002b3b045ff358 /share/apps/matlab/2017a/sys/java/jre/glnxa64/jre/lib/amd64/server/libjvm.so+06284120
[ 93] 0x00002b3b045ff627 /share/apps/matlab/2017a/sys/java/jre/glnxa64/jre/lib/amd64/server/libjvm.so+06284839
[ 94] 0x00002b3b045ff747 /share/apps/matlab/2017a/sys/java/jre/glnxa64/jre/lib/amd64/server/libjvm.so+06285127
[ 95] 0x00002b3b0467c1d5 /share/apps/matlab/2017a/sys/java/jre/glnxa64/jre/lib/amd64/server/libjvm.so+06795733
[ 96] 0x00002b3b04959bdf /share/apps/matlab/2017a/sys/java/jre/glnxa64/jre/lib/amd64/server/libjvm.so+09800671
[ 97] 0x00002b3b04959ce5 /share/apps/matlab/2017a/sys/java/jre/glnxa64/jre/lib/amd64/server/libjvm.so+09800933
[ 98] 0x00002b3b048207f8 /share/apps/matlab/2017a/sys/java/jre/glnxa64/jre/lib/amd64/server/libjvm.so+08517624
[ 99] 0x00002b3ad625adc5                             /lib64/libpthread.so.0+00032197
[100] 0x00002b3ad656673d                                   /lib64/libc.so.6+01013565 clone+00000109
[101] 0x0000000000000000                                   <unknown-module>+00000000


If this problem is reproducible, please submit a Service Request via:
    http://www.mathworks.com/support/contact_us/

A technical support engineer might contact you with further information.

Thank you for your help.** This crash report has been saved to disk as /home/vl1019/matlab_crash_dump.1267-1 **



MATLAB is exiting because of fatal error
/opt/slurm/data/slurmd/job3178739/slurm_script: line 14:  1267 Killed                  matlab -nosplash -nodesktop -nodisplay -r "audio_name_str = 'dog-bark'; modulations_str = 'none'; J = 13; wavelet_str = 'morlet'; addpath(genpath('~/scattering.m')); addpath(genpath('~/export_fig')); run('../taslp18_reconstructions.m');"
