
                            < M A T L A B (R) >
                  Copyright 1984-2017 The MathWorks, Inc.
                   R2017a (9.2.0.556344) 64-bit (glnxa64)
                               March 27, 2017

 
To get started, type one of these: helpwin, helpdesk, or demo.
For product information, visit www.mathworks.com.
 
it = 002  ;  S_m distances = [ 71.89% ]  ;  Loss = 71.89%
Learning rate = 0.11
Elapsed time is 0.494060 seconds.
it = 003  ;  S_m distances = [ 62.66% ]  ;  Loss = 62.66%
Learning rate = 0.121
Elapsed time is 0.471603 seconds.
it = 004  ;  S_m distances = [ 50.18% ]  ;  Loss = 50.18%
Learning rate = 0.1331
Elapsed time is 0.436311 seconds.
it = 005  ;  S_m distances = [ 36.60% ]  ;  Loss = 36.60%
Learning rate = 0.14641
Elapsed time is 0.474544 seconds.
it = 006  ;  S_m distances = [ 25.28% ]  ;  Loss = 25.28%
Learning rate = 0.16105
Elapsed time is 0.407058 seconds.
it = 007  ;  S_m distances = [ 19.48% ]  ;  Loss = 19.48%
Learning rate = 0.17716
Elapsed time is 0.562201 seconds.
Learning rate = 0.088578
it = 008  ;  S_m distances = [ 18.73% ]  ;  Loss = 18.74%
Learning rate = 0.097436
Elapsed time is 0.574616 seconds.
Learning rate = 0.048718
it = 009  ;  S_m distances = [ 18.60% ]  ;  Loss = 18.60%
Learning rate = 0.05359
Elapsed time is 0.602713 seconds.
it = 010  ;  S_m distances = [ 18.38% ]  ;  Loss = 18.38%
Learning rate = 0.058949
Elapsed time is 0.417948 seconds.

------------------------------------------------------------------------
             Bus error detected at Tue Dec  5 13:44:50 2017
------------------------------------------------------------------------

Configuration:
  Crash Decoding      : Disabled - No sandbox or build area path
  Crash Mode          : continue (default)
  Current Graphics Driver: Unknown software 
  Current Visual      : None
  Default Encoding    : UTF-8
  Deployed            : false
  GNU C Library       : 2.17 stable
  Host Name           : c09-01
  MATLAB Architecture : glnxa64
  MATLAB Entitlement ID: 1144772
  MATLAB Root         : /share/apps/matlab/2017a
  MATLAB Version      : 9.2.0.556344 (R2017a)
  OpenGL              : software
  Operating System    : Linux 3.10.0-514.10.2.el7.x86_64 #1 SMP Fri Mar 3 00:04:05 UTC 2017 x86_64
  Processor ID        : x86 Family 6 Model 79 Stepping 1, GenuineIntel
  Virtual Machine     : Java 1.7.0_60-b19 with Oracle Corporation Java HotSpot(TM) 64-Bit Server VM mixed mode
  Window System       : No active display

Fault Count: 1


Abnormal termination:
Bus error

Register State (from fault):
  RAX = 0000000000000000  RBX = 00002b07fe746370
  RCX = 0000000000000000  RDX = 0000000000000000
  RSP = 00002b07fe7462c0  RBP = 00002b07fe746400
  RSI = 0000000000000000  RDI = 00000000000002a6

   R8 = 00000000000002a6   R9 = 0000000000000000
  R10 = 0000000000000003  R11 = 0000000000000246
  R12 = 00002b079bfc2000  R13 = 0000000000000000
  R14 = 00000000000002a6  R15 = 00002b081004faa0

  RIP = 00002b079138569b  EFL = 0000000000010246

   CS = 0033   FS = 0000   GS = 0000

Stack Trace (from fault):
[  0] 0x00002b079138569b                          /lib64/libfontconfig.so.1+00034459
[  1] 0x00002b0791385a49                          /lib64/libfontconfig.so.1+00035401
[  2] 0x00002b0791385184                          /lib64/libfontconfig.so.1+00033156
[  3] 0x00002b0791385b97                          /lib64/libfontconfig.so.1+00035735 FcDirCacheLoad+00000055
[  4] 0x00002b079138dc32                          /lib64/libfontconfig.so.1+00068658 FcDirCacheRead+00000050
[  5] 0x00002b07913897db                          /lib64/libfontconfig.so.1+00051163
[  6] 0x00002b079138988b                          /lib64/libfontconfig.so.1+00051339 FcConfigBuildFonts+00000059
[  7] 0x00002b0791393266                          /lib64/libfontconfig.so.1+00090726
[  8] 0x00002b0791387157                          /lib64/libfontconfig.so.1+00041303
[  9] 0x00002b0791387459                          /lib64/libfontconfig.so.1+00042073 FcConfigGetCacheDirs+00000025
[ 10] 0x00002b07f1df1a1b /share/apps/matlab/2017a/sys/java/jre/glnxa64/jre/lib/amd64/headless/libmawt.so+00010779 Java_sun_font_FontConfigManager_getFontConfig+00001403
[ 11] 0x00002b0793daed98                                   <unknown-module>+00000000
[ 12] 0x00002b0793da2058                                   <unknown-module>+00000000
[ 13] 0x00002b0793da2058                                   <unknown-module>+00000000
[ 14] 0x00002b0793da2233                                   <unknown-module>+00000000
[ 15] 0x00002b0793da2350                                   <unknown-module>+00000000
[ 16] 0x00002b0793da2058                                   <unknown-module>+00000000
[ 17] 0x00002b0793da2233                                   <unknown-module>+00000000
[ 18] 0x00002b0793d9c4e7                                   <unknown-module>+00000000
[ 19] 0x00002b0788ea18f5 /share/apps/matlab/2017a/sys/java/jre/glnxa64/jre/lib/amd64/server/libjvm.so+06289653
[ 20] 0x00002b0788ea0358 /share/apps/matlab/2017a/sys/java/jre/glnxa64/jre/lib/amd64/server/libjvm.so+06284120
[ 21] 0x00002b0788f26c74 /share/apps/matlab/2017a/sys/java/jre/glnxa64/jre/lib/amd64/server/libjvm.so+06835316 JVM_DoPrivileged+00000676
[ 22] 0x00002b0793daed98                                   <unknown-module>+00000000
[ 23] 0x00002b0793da2233                                   <unknown-module>+00000000
[ 24] 0x00002b0793da2058                                   <unknown-module>+00000000
[ 25] 0x00002b0793d9c4e7                                   <unknown-module>+00000000
[ 26] 0x00002b0788ea18f5 /share/apps/matlab/2017a/sys/java/jre/glnxa64/jre/lib/amd64/server/libjvm.so+06289653
[ 27] 0x00002b0788ea0358 /share/apps/matlab/2017a/sys/java/jre/glnxa64/jre/lib/amd64/server/libjvm.so+06284120
[ 28] 0x00002b0789135b7f /share/apps/matlab/2017a/sys/java/jre/glnxa64/jre/lib/amd64/server/libjvm.so+08993663
[ 29] 0x00002b07891367a4 /share/apps/matlab/2017a/sys/java/jre/glnxa64/jre/lib/amd64/server/libjvm.so+08996772
[ 30] 0x00002b0788f1d37a /share/apps/matlab/2017a/sys/java/jre/glnxa64/jre/lib/amd64/server/libjvm.so+06796154 JVM_NewInstanceFromConstructor+00000234
[ 31] 0x00002b0793daed98                                   <unknown-module>+00000000
[ 32] 0x00002b0793da2233                                   <unknown-module>+00000000
[ 33] 0x00002b0793da2233                                   <unknown-module>+00000000
[ 34] 0x00002b0793da28e1                                   <unknown-module>+00000000
[ 35] 0x00002b0793da2233                                   <unknown-module>+00000000
[ 36] 0x00002b0793da2233                                   <unknown-module>+00000000
[ 37] 0x00002b0793d9c4e7                                   <unknown-module>+00000000
[ 38] 0x00002b0788ea18f5 /share/apps/matlab/2017a/sys/java/jre/glnxa64/jre/lib/amd64/server/libjvm.so+06289653
[ 39] 0x00002b0788ea0358 /share/apps/matlab/2017a/sys/java/jre/glnxa64/jre/lib/amd64/server/libjvm.so+06284120
[ 40] 0x00002b0788f26c74 /share/apps/matlab/2017a/sys/java/jre/glnxa64/jre/lib/amd64/server/libjvm.so+06835316 JVM_DoPrivileged+00000676
[ 41] 0x00002b0793daed98                                   <unknown-module>+00000000
[ 42] 0x00002b0793da2233                                   <unknown-module>+00000000
[ 43] 0x00002b0793da2233                                   <unknown-module>+00000000
[ 44] 0x00002b0793da2233                                   <unknown-module>+00000000
[ 45] 0x00002b0793da2233                                   <unknown-module>+00000000
[ 46] 0x00002b0793da2233                                   <unknown-module>+00000000
[ 47] 0x00002b0793da2233                                   <unknown-module>+00000000
[ 48] 0x00002b0793da2233                                   <unknown-module>+00000000
[ 49] 0x00002b0793da2233                                   <unknown-module>+00000000
[ 50] 0x00002b0793da2233                                   <unknown-module>+00000000
[ 51] 0x00002b0793d9c4e7                                   <unknown-module>+00000000
[ 52] 0x00002b0788ea18f5 /share/apps/matlab/2017a/sys/java/jre/glnxa64/jre/lib/amd64/server/libjvm.so+06289653
[ 53] 0x00002b0788ea0358 /share/apps/matlab/2017a/sys/java/jre/glnxa64/jre/lib/amd64/server/libjvm.so+06284120
[ 54] 0x00002b0788e647ca /share/apps/matlab/2017a/sys/java/jre/glnxa64/jre/lib/amd64/server/libjvm.so+06039498
[ 55] 0x00002b0788e64a24 /share/apps/matlab/2017a/sys/java/jre/glnxa64/jre/lib/amd64/server/libjvm.so+06040100
[ 56] 0x00002b0788e64e7a /share/apps/matlab/2017a/sys/java/jre/glnxa64/jre/lib/amd64/server/libjvm.so+06041210
[ 57] 0x00002b0788fe6b0e /share/apps/matlab/2017a/sys/java/jre/glnxa64/jre/lib/amd64/server/libjvm.so+07621390
[ 58] 0x00002b0788fe6c76 /share/apps/matlab/2017a/sys/java/jre/glnxa64/jre/lib/amd64/server/libjvm.so+07621750
[ 59] 0x00002b0788e99d1f /share/apps/matlab/2017a/sys/java/jre/glnxa64/jre/lib/amd64/server/libjvm.so+06257951
[ 60] 0x00002b0793db9e7a                                   <unknown-module>+00000000
[ 61] 0x00002b0793da2233                                   <unknown-module>+00000000
[ 62] 0x00002b0793da2233                                   <unknown-module>+00000000
[ 63] 0x00002b0793da2058                                   <unknown-module>+00000000
[ 64] 0x00002b0793da2706                                   <unknown-module>+00000000
[ 65] 0x00002b0793da2706                                   <unknown-module>+00000000
[ 66] 0x00002b0793da28e1                                   <unknown-module>+00000000
[ 67] 0x00002b0793da2233                                   <unknown-module>+00000000
[ 68] 0x00002b0793da2058                                   <unknown-module>+00000000
[ 69] 0x00002b0793da2058                                   <unknown-module>+00000000
[ 70] 0x00002b0793da28e1                                   <unknown-module>+00000000
[ 71] 0x00002b0793da2058                                   <unknown-module>+00000000
[ 72] 0x00002b0793da2706                                   <unknown-module>+00000000
[ 73] 0x00002b0793da2706                                   <unknown-module>+00000000
[ 74] 0x00002b0793da2058                                   <unknown-module>+00000000
[ 75] 0x00002b0793da2058                                   <unknown-module>+00000000
[ 76] 0x00002b0793da2233                                   <unknown-module>+00000000
[ 77] 0x00002b0793d9c4e7                                   <unknown-module>+00000000
[ 78] 0x00002b0788ea18f5 /share/apps/matlab/2017a/sys/java/jre/glnxa64/jre/lib/amd64/server/libjvm.so+06289653
[ 79] 0x00002b0788ea0358 /share/apps/matlab/2017a/sys/java/jre/glnxa64/jre/lib/amd64/server/libjvm.so+06284120
[ 80] 0x00002b0788f26c74 /share/apps/matlab/2017a/sys/java/jre/glnxa64/jre/lib/amd64/server/libjvm.so+06835316 JVM_DoPrivileged+00000676
[ 81] 0x00002b0793daed98                                   <unknown-module>+00000000
[ 82] 0x00002b0793da2233                                   <unknown-module>+00000000
[ 83] 0x00002b0793da28e1                                   <unknown-module>+00000000
[ 84] 0x00002b0793da2058                                   <unknown-module>+00000000
[ 85] 0x00002b0793da2058                                   <unknown-module>+00000000
[ 86] 0x00002b0793da2058                                   <unknown-module>+00000000
[ 87] 0x00002b0793da2058                                   <unknown-module>+00000000
[ 88] 0x00002b0793da2058                                   <unknown-module>+00000000
[ 89] 0x00002b0793da2058                                   <unknown-module>+00000000
[ 90] 0x00002b0793d9c4e7                                   <unknown-module>+00000000
[ 91] 0x00002b0788ea18f5 /share/apps/matlab/2017a/sys/java/jre/glnxa64/jre/lib/amd64/server/libjvm.so+06289653
[ 92] 0x00002b0788ea0358 /share/apps/matlab/2017a/sys/java/jre/glnxa64/jre/lib/amd64/server/libjvm.so+06284120
[ 93] 0x00002b0788ea0627 /share/apps/matlab/2017a/sys/java/jre/glnxa64/jre/lib/amd64/server/libjvm.so+06284839
[ 94] 0x00002b0788ea0747 /share/apps/matlab/2017a/sys/java/jre/glnxa64/jre/lib/amd64/server/libjvm.so+06285127
[ 95] 0x00002b0788f1d1d5 /share/apps/matlab/2017a/sys/java/jre/glnxa64/jre/lib/amd64/server/libjvm.so+06795733
[ 96] 0x00002b07891fabdf /share/apps/matlab/2017a/sys/java/jre/glnxa64/jre/lib/amd64/server/libjvm.so+09800671
[ 97] 0x00002b07891face5 /share/apps/matlab/2017a/sys/java/jre/glnxa64/jre/lib/amd64/server/libjvm.so+09800933
[ 98] 0x00002b07890c17f8 /share/apps/matlab/2017a/sys/java/jre/glnxa64/jre/lib/amd64/server/libjvm.so+08517624
[ 99] 0x00002b075b7a9dc5                             /lib64/libpthread.so.0+00032197
[100] 0x00002b075bab573d                                   /lib64/libc.so.6+01013565 clone+00000109
[101] 0x0000000000000000                                   <unknown-module>+00000000


If this problem is reproducible, please submit a Service Request via:
    http://www.mathworks.com/support/contact_us/

A technical support engineer might contact you with further information.

Thank you for your help.** This crash report has been saved to disk as /home/vl1019/matlab_crash_dump.177030-1 **



MATLAB is exiting because of fatal error
/opt/slurm/data/slurmd/job3263914/slurm_script: line 14: 177030 Killed                  matlab -nosplash -nodesktop -nodisplay -r "audio_name_str = 'flute'; modulations_str = 'none'; J = 13; wavelet_str = 'morlet'; addpath(genpath('~/scattering.m')); addpath(genpath('~/export_fig')); run('../taslp18_reconstructions.m');"
