
                            < M A T L A B (R) >
                  Copyright 1984-2017 The MathWorks, Inc.
                   R2017a (9.2.0.556344) 64-bit (glnxa64)
                               March 27, 2017

 
To get started, type one of these: helpwin, helpdesk, or demo.
For product information, visit www.mathworks.com.
 
com.mathworks.jmi.MatlabException: Can't reload '/share/apps/matlab/2017a/bin/glnxa64/libmwhgbuiltins.so'
	at com.mathworks.jmi.NativeMatlab.SendMatlabMessage(Native Method)
	at com.mathworks.jmi.NativeMatlab.sendMatlabMessage(NativeMatlab.java:259)
	at com.mathworks.jmi.MatlabLooper.sendMatlabMessage(MatlabLooper.java:120)
	at com.mathworks.jmi.Matlab.mtFeval(Matlab.java:1712)
	at com.mathworks.jmi.Matlab.mtEval(Matlab.java:1646)
	at com.mathworks.jmi.Matlab.mtEval(Matlab.java:1627)
	at com.mathworks.matlabserver.connector.impl.AutoStartImpl$2.run(AutoStartImpl.java:63)
	at com.mathworks.matlabserver.connector.impl.AutoStartImpl$TaskListener.mvmChanged(AutoStartImpl.java:200)
	at com.mathworks.matlabserver.connector.impl.AutoStartImpl$TaskListener.mvmChanged(AutoStartImpl.java:182)
it = 002  ;  S_m distances = [ 130.64%   94.02% ]  ;  Loss = 109.72%
Learning rate = 0.11
Elapsed time is 3.153366 seconds.
{Can't reload '/share/apps/matlab/2017a/bin/glnxa64/libmwhgbuiltins.so'

Error in imagesc (line 18)
    hh = image(varargin{1},'CDataMapping','scaled');

Error in taslp18_reconstructions (line 198)
        imagesc(log1p(rec_scalogram));

Error in run (line 86)
evalin('caller', [script ';']);
} 
>> 